<?xml version="1.0" encoding="UTF-8"?>
<!-- Generated by org.testng.reporters.JUnitReportReporter -->
<testsuite hostname="Prashant" failures="0" tests="3" name="test.OpenAccount" time="63.780" errors="0" timestamp="2023-01-08T15:39:52 IST" skipped="0">
  <testcase classname="test.OpenAccount" name="verifyAccountOpening" time="16.926"/>
  <system-out/>
  <testcase classname="test.OpenAccount" name="verifyAccountOpening" time="19.174"/>
  <system-out/>
  <testcase classname="test.OpenAccount" name="verifyAccountOpening" time="27.680"/>
  <system-out/>
</testsuite> <!-- test.OpenAccount -->
