<?xml version="1.0" encoding="UTF-8"?>
<!-- Generated by org.testng.reporters.JUnitReportReporter -->
<testsuite hostname="Prashant" failures="0" tests="1" name="test.LoginTest" time="66.389" errors="0" timestamp="2023-01-07T20:55:14 IST" skipped="0">
  <testcase classname="test.LoginTest" name="verifySuccessfulLogin" time="66.389"/>
  <system-out/>
</testsuite> <!-- test.LoginTest -->
